[2021-12-11 13:18:41] START
[2021-12-11 13:18:41] EDIT evote/controllers/default.py: 0
[2021-12-11 13:19:17] EDIT evote/controllers/default.py: 0
[2021-12-11 13:19:28] EDIT evote/controllers/default.py: 0
[2021-12-11 13:20:00] EDIT evote/controllers/default.py: 0
[2021-12-11 13:20:04] EDIT evote/controllers/default.py: 0
[2021-12-11 13:44:18] EDIT evote/modules/ballot.py: 0
[2021-12-11 13:44:50] EDIT evote/modules/ballot.py: 0
[2021-12-11 13:45:03] EDIT evote/modules/ballot.py: 0
[2021-12-11 13:49:42] EDIT evote/modules/ranking_algorithms.py: 0
[2021-12-11 13:50:08] EDIT evote/modules/ranking_algorithms.py: 0
[2021-12-11 13:50:21] EDIT evote/modules/ranking_algorithms.py: 0
[2021-12-11 13:50:23] EDIT evote/modules/ranking_algorithms.py: 0
[2021-12-11 13:51:37] EDIT evote/modules/ranking_algorithms.py: 0
[2021-12-11 14:35:59] EDIT evote/models/db.py: 0
[2021-12-11 14:37:00] EDIT evote/models/db.py: 0
[2021-12-11 14:37:02] EDIT evote/models/db.py: 0
[2021-12-11 14:37:04] EDIT evote/models/db.py: 0
[2021-12-12 23:43:26] EDIT evote/modules/ballot.py: 0
[2021-12-12 23:45:13] EDIT evote/modules/ballot.py: 0
[2021-12-14 18:11:57] EDIT evote/controllers/default.py: -1
[2021-12-14 18:12:00] EDIT evote/controllers/default.py: 0
[2021-12-14 18:15:59] EDIT evote/modules/ballot.py: 0
[2021-12-14 18:17:14] EDIT evote/modules/ballot.py: 0
[2021-12-14 18:17:17] EDIT evote/modules/ballot.py: 0
[2021-12-14 18:17:44] EDIT evote/modules/ballot.py: 0
[2021-12-14 18:19:03] EDIT evote/controllers/default.py: 0
[2021-12-14 18:19:39] EDIT evote/controllers/default.py: 0
[2021-12-14 18:19:41] EDIT evote/controllers/default.py: 0
[2021-12-14 18:19:41] EDIT evote/controllers/default.py: 0
[2021-12-14 18:19:42] EDIT evote/controllers/default.py: 0
[2021-12-14 18:20:38] EDIT evote/controllers/default.py: 0
[2021-12-14 18:21:21] EDIT evote/controllers/default.py: 0
[2021-12-14 18:22:41] EDIT evote/controllers/default.py: 0
[2021-12-14 18:23:13] EDIT evote/controllers/default.py: 0
[2021-12-14 18:25:50] EDIT evote/controllers/default.py: 0
[2021-12-14 18:26:17] EDIT evote/controllers/default.py: 0
[2021-12-14 18:26:18] EDIT evote/controllers/default.py: 0
[2021-12-14 18:26:19] EDIT evote/controllers/default.py: 0
[2021-12-14 18:27:06] EDIT evote/modules/ballot.py: 0
[2021-12-14 18:27:55] EDIT evote/modules/ballot.py: 0
[2021-12-14 18:27:59] EDIT evote/modules/ballot.py: 0
[2021-12-14 18:33:01] EDIT evote/controllers/default.py: 0
[2021-12-14 18:33:35] EDIT evote/controllers/default.py: 0
[2021-12-14 18:46:07] EDIT evote/controllers/default.py: 0
[2021-12-14 18:47:43] EDIT evote/controllers/default.py: 0
[2021-12-14 18:50:53] EDIT evote/controllers/default.py: 0
[2021-12-14 18:50:54] EDIT evote/controllers/default.py: 0
[2021-12-14 18:55:42] EDIT evote/modules/ballot.py: 0
[2021-12-14 18:56:30] EDIT evote/modules/ballot.py: 0
[2021-12-14 18:56:32] EDIT evote/modules/ballot.py: 0
[2021-12-14 18:56:32] EDIT evote/modules/ballot.py: 0
[2021-12-14 19:00:35] EDIT evote/modules/ballot.py: 0
[2021-12-14 19:01:24] EDIT evote/modules/ballot.py: 0
[2021-12-14 19:04:24] EDIT evote/modules/ballot.py: 0
[2021-12-14 19:04:25] EDIT evote/modules/ballot.py: 0
[2021-12-14 19:04:26] EDIT evote/modules/ballot.py: 0
[2021-12-14 19:04:27] EDIT evote/modules/ballot.py: 0
[2021-12-14 19:05:01] EDIT evote/modules/ballot.py: 0
[2021-12-14 19:05:03] EDIT evote/modules/ballot.py: 0
[2021-12-14 19:08:57] EDIT evote/modules/ballot.py: 0
[2021-12-14 19:09:41] EDIT evote/modules/ballot.py: 0
[2021-12-14 19:09:42] EDIT evote/modules/ballot.py: 0
[2021-12-14 19:09:43] EDIT evote/modules/ballot.py: 0
[2021-12-14 19:09:43] EDIT evote/modules/ballot.py: 0
[2021-12-14 19:13:37] EDIT evote/modules/ballot.py: 0
[2021-12-14 19:13:39] EDIT evote/modules/ballot.py: 0
[2021-12-14 19:14:53] EDIT evote/modules/ballot.py: 0
[2021-12-14 19:16:24] EDIT evote/modules/ballot.py: 0
[2021-12-14 19:17:36] EDIT evote/controllers/default.py: -2
[2021-12-14 19:17:37] EDIT evote/controllers/default.py: 0
[2021-12-14 19:17:38] EDIT evote/controllers/default.py: 0
[2021-12-14 19:23:20] EDIT evote/modules/ballot.py: 0
[2021-12-14 19:23:21] EDIT evote/modules/ballot.py: 0
[2021-12-14 19:27:42] EDIT evote/modules/ballot.py: 0
[2021-12-14 19:28:31] EDIT evote/modules/ballot.py: 0
[2021-12-14 19:28:46] EDIT evote/modules/ballot.py: 0
[2021-12-14 19:30:14] EDIT evote/modules/ballot.py: 0
[2021-12-14 19:31:58] EDIT evote/controllers/default.py: 0
[2021-12-14 19:31:59] EDIT evote/controllers/default.py: 0
[2021-12-14 19:32:42] EDIT evote/controllers/default.py: 0
[2021-12-14 19:32:43] EDIT evote/controllers/default.py: 0
[2021-12-14 19:32:46] EDIT evote/controllers/default.py: 0
[2021-12-14 19:32:47] EDIT evote/controllers/default.py: 0
[2021-12-14 19:32:47] EDIT evote/controllers/default.py: 0
[2021-12-14 19:32:48] EDIT evote/controllers/default.py: 0
[2021-12-14 19:32:49] EDIT evote/controllers/default.py: 0
[2021-12-14 19:32:51] EDIT evote/controllers/default.py: 0
[2021-12-14 19:41:27] EDIT evote/modules/ballot.py: 0
[2021-12-14 19:43:36] EDIT evote/controllers/default.py: 0
[2021-12-14 19:43:54] EDIT evote/modules/ballot.py: 0
[2021-12-14 19:43:55] EDIT evote/modules/ballot.py: 0
[2021-12-14 19:44:11] EDIT evote/controllers/default.py: 0
[2021-12-14 19:45:16] EDIT evote/controllers/default.py: 0
[2021-12-14 19:45:17] EDIT evote/controllers/default.py: 0
[2021-12-14 19:46:05] EDIT evote/controllers/default.py: 0
[2021-12-14 19:46:06] EDIT evote/controllers/default.py: 0
[2021-12-14 19:47:59] EDIT evote/controllers/default.py: 0
[2021-12-14 19:48:11] EDIT evote/controllers/default.py: 0
[2021-12-14 19:48:12] EDIT evote/controllers/default.py: 0
[2021-12-14 19:49:16] EDIT evote/controllers/default.py: 1
[2021-12-14 19:49:36] EDIT evote/controllers/default.py: -1
[2021-12-14 19:49:38] EDIT evote/controllers/default.py: 0
[2021-12-14 19:49:39] EDIT evote/controllers/default.py: 0
[2021-12-14 19:56:06] EDIT evote/modules/ballot.py: 0
[2021-12-14 19:59:32] EDIT evote/modules/ballot.py: 1
[2021-12-14 20:01:48] EDIT evote/modules/ballot.py: 0
[2021-12-14 20:03:02] EDIT evote/modules/ballot.py: -1
[2021-12-14 20:03:42] EDIT evote/modules/ballot.py: 0
[2021-12-14 20:03:42] EDIT evote/modules/ballot.py: 0
[2021-12-14 20:04:15] EDIT evote/modules/ballot.py: 0
[2021-12-14 20:08:45] EDIT evote/modules/ballot.py: 0
[2021-12-14 20:10:24] EDIT evote/modules/ballot.py: 0
[2021-12-14 20:10:53] EDIT evote/modules/ballot.py: 0
[2021-12-14 20:10:55] EDIT evote/modules/ballot.py: 0
[2021-12-14 20:15:56] EDIT evote/modules/ballot.py: 0
[2021-12-14 20:16:37] EDIT evote/modules/ballot.py: 0
[2021-12-14 20:22:29] EDIT evote/modules/ballot.py: 0
[2021-12-14 20:23:43] EDIT evote/modules/ballot.py: 0
[2021-12-14 20:24:31] EDIT evote/modules/ballot.py: 0
[2021-12-14 20:24:34] EDIT evote/modules/ballot.py: 0
[2021-12-14 20:25:18] EDIT evote/modules/ballot.py: 0
[2021-12-14 20:25:19] EDIT evote/modules/ballot.py: 0
[2021-12-14 20:26:06] EDIT evote/modules/ballot.py: 0
[2021-12-14 20:26:49] EDIT evote/modules/ballot.py: 0
[2021-12-14 20:27:25] EDIT evote/modules/ballot.py: 0
[2021-12-14 20:27:49] EDIT evote/modules/ballot.py: 0
[2021-12-14 20:27:52] EDIT evote/modules/ballot.py: 0
[2021-12-14 20:31:04] EDIT evote/modules/ballot.py: 0
[2021-12-14 20:32:01] EDIT evote/modules/ballot.py: 0
[2021-12-14 20:32:52] EDIT evote/modules/ballot.py: 0
[2021-12-14 20:33:26] EDIT evote/modules/ballot.py: 1
[2021-12-14 20:34:06] EDIT evote/modules/ballot.py: -1
[2021-12-14 20:34:29] EDIT evote/modules/ballot.py: 1
[2021-12-14 20:37:06] EDIT evote/modules/ballot.py: 0
[2021-12-14 20:37:08] EDIT evote/modules/ballot.py: 0
[2021-12-14 20:37:33] EDIT evote/modules/ballot.py: 0
[2021-12-14 20:38:03] EDIT evote/modules/ballot.py: -1
[2021-12-14 20:38:48] EDIT evote/controllers/default.py: 0
[2021-12-14 20:39:13] EDIT evote/controllers/default.py: 0
[2021-12-14 20:41:30] EDIT evote/controllers/default.py: 0
[2021-12-14 20:44:25] EDIT evote/modules/ballot.py: 0
[2021-12-14 20:44:48] EDIT evote/modules/ballot.py: 0
[2021-12-14 20:44:51] EDIT evote/modules/ballot.py: 0
[2021-12-14 20:44:58] EDIT evote/modules/ballot.py: -1
[2021-12-14 20:45:23] EDIT evote/modules/ballot.py: 1
[2021-12-14 22:22:48] EDIT evote/modules/ballot.py: -2
[2021-12-14 22:23:27] EDIT evote/modules/ballot.py: 0
[2021-12-14 22:23:56] EDIT evote/modules/ballot.py: -1
[2021-12-14 22:24:24] EDIT evote/modules/ballot.py: -1
[2021-12-14 22:26:20] EDIT evote/modules/ballot.py: 0
[2021-12-14 22:26:57] EDIT evote/modules/ballot.py: 0
[2021-12-14 22:27:31] EDIT evote/modules/ballot.py: 4
[2021-12-14 22:31:01] EDIT evote/modules/ballot.py: 0
[2021-12-14 22:34:45] EDIT evote/modules/ballot.py: 0
[2021-12-14 22:35:46] EDIT evote/modules/ballot.py: 0
[2021-12-14 22:37:07] EDIT evote/modules/ballot.py: 0
[2021-12-14 22:37:22] EDIT evote/modules/ballot.py: 0
[2021-12-14 22:38:16] EDIT evote/modules/ballot.py: 0
[2021-12-14 22:39:34] EDIT evote/modules/ballot.py: 0
[2021-12-15 22:51:29] EDIT evote/modules/ballot.py: 0
[2021-12-15 22:52:15] EDIT evote/modules/ballot.py: 0
[2021-12-15 23:49:14] EDIT evote/controllers/default.py: 0
[2021-12-15 23:49:45] EDIT evote/controllers/default.py: 0
[2021-12-15 23:49:55] EDIT evote/controllers/default.py: 0
[2021-12-15 23:52:34] EDIT evote/modules/ballot.py: 0
[2021-12-15 23:52:37] EDIT evote/modules/ballot.py: 0
[2021-12-15 23:52:39] EDIT evote/modules/ballot.py: 0
[2021-12-15 23:52:41] EDIT evote/modules/ballot.py: 0
[2021-12-16 13:27:49] EDIT evote/models/db.py: 0
[2021-12-16 13:27:50] EDIT evote/models/db.py: 0
[2021-12-16 13:30:44] EDIT evote/models/db.py: 0
[2021-12-16 14:01:32] EDIT evote/controllers/default.py: 0
[2021-12-16 14:01:34] EDIT evote/controllers/default.py: 0
[2021-12-16 14:01:36] EDIT evote/controllers/default.py: 0
[2021-12-16 14:05:36] EDIT evote/modules/ballot.py: 0
[2021-12-16 14:07:23] EDIT evote/modules/ballot.py: 0
[2021-12-16 14:08:34] EDIT evote/modules/ballot.py: -4
[2021-12-16 14:09:23] EDIT evote/modules/ballot.py: 0
[2021-12-16 14:12:35] EDIT evote/modules/ballot.py: 4
[2021-12-16 14:13:23] EDIT evote/modules/ballot.py: 0
[2021-12-16 14:13:26] EDIT evote/modules/ballot.py: 0
[2021-12-16 14:15:34] EDIT evote/modules/ballot.py: 0
[2021-12-16 16:12:08] EDIT evote/modules/ballot.py: 0
[2021-12-16 16:12:15] EDIT evote/modules/ballot.py: 0
[2021-12-16 16:18:34] EDIT evote/modules/ballot.py: 0
[2021-12-16 16:19:32] EDIT evote/controllers/default.py: 0
[2021-12-16 16:21:33] EDIT evote/modules/ballot.py: 0
[2021-12-16 16:24:20] EDIT evote/modules/ballot.py: 0
[2021-12-16 16:24:26] EDIT evote/modules/ballot.py: 0
[2021-12-16 16:24:27] EDIT evote/modules/ballot.py: 0
[2021-12-16 16:24:27] EDIT evote/modules/ballot.py: 0
[2021-12-16 16:24:27] EDIT evote/modules/ballot.py: 0
[2021-12-16 16:24:27] EDIT evote/modules/ballot.py: 0
[2021-12-16 16:24:27] EDIT evote/modules/ballot.py: 0
[2021-12-16 16:24:28] EDIT evote/modules/ballot.py: 0
[2021-12-16 16:24:28] EDIT evote/modules/ballot.py: 0
[2021-12-16 16:24:28] EDIT evote/modules/ballot.py: 0
[2021-12-16 16:24:28] EDIT evote/modules/ballot.py: 0
[2021-12-16 16:25:58] EDIT evote/controllers/default.py: 0
[2021-12-16 16:26:02] EDIT evote/controllers/default.py: 0
[2021-12-16 16:29:57] EDIT evote/controllers/default.py: 0
[2021-12-16 16:30:28] EDIT evote/controllers/default.py: 0
[2021-12-16 16:30:31] EDIT evote/controllers/default.py: 0
