timestamp: 2021-12-26T23:55:45.708641
CREATE TABLE "auth_user"(
    "id" INTEGER PRIMARY KEY AUTOINCREMENT,
    "first_name" CHAR(128),
    "last_name" CHAR(128),
    "email" CHAR(512),
    "password" CHAR(512),
    "registration_key" CHAR(512),
    "reset_password_key" CHAR(512),
    "registration_id" CHAR(512),
    "is_manager" CHAR(1)
);
success!
timestamp: 2021-12-26T23:55:45.735444
CREATE TABLE "auth_group"(
    "id" INTEGER PRIMARY KEY AUTOINCREMENT,
    "role" CHAR(512),
    "description" TEXT
);
success!
timestamp: 2021-12-26T23:55:45.746370
CREATE TABLE "auth_membership"(
    "id" INTEGER PRIMARY KEY AUTOINCREMENT,
    "user_id" INTEGER REFERENCES "auth_user" ("id") ON DELETE CASCADE  ,
    "group_id" INTEGER REFERENCES "auth_group" ("id") ON DELETE CASCADE  
);
success!
timestamp: 2021-12-26T23:55:45.756304
CREATE TABLE "auth_permission"(
    "id" INTEGER PRIMARY KEY AUTOINCREMENT,
    "group_id" INTEGER REFERENCES "auth_group" ("id") ON DELETE CASCADE  ,
    "name" CHAR(512),
    "table_name" CHAR(512),
    "record_id" INTEGER
);
success!
timestamp: 2021-12-26T23:55:45.767263
CREATE TABLE "auth_event"(
    "id" INTEGER PRIMARY KEY AUTOINCREMENT,
    "time_stamp" TIMESTAMP,
    "client_ip" CHAR(512),
    "user_id" INTEGER REFERENCES "auth_user" ("id") ON DELETE CASCADE  ,
    "origin" CHAR(512),
    "description" TEXT
);
success!
timestamp: 2021-12-26T23:55:45.777165
CREATE TABLE "auth_cas"(
    "id" INTEGER PRIMARY KEY AUTOINCREMENT,
    "user_id" INTEGER REFERENCES "auth_user" ("id") ON DELETE CASCADE  ,
    "created_on" TIMESTAMP,
    "service" CHAR(512),
    "ticket" CHAR(512),
    "renew" CHAR(1)
);
success!
timestamp: 2021-12-26T23:55:45.789081
CREATE TABLE "election"(
    "id" INTEGER PRIMARY KEY AUTOINCREMENT,
    "title" CHAR(512),
    "ballot_model" TEXT,
    "voters" TEXT,
    "managers" TEXT,
    "deadline" TIMESTAMP,
    "vote_email" TEXT,
    "voted_email" TEXT,
    "email_sender" CHAR(512),
    "not_voted_email" TEXT,
    "public_key" TEXT,
    "private_key" TEXT,
    "counters" TEXT,
    "closed" CHAR(1),
    "is_active" CHAR(1),
    "created_on" TIMESTAMP,
    "created_by" INTEGER REFERENCES "auth_user" ("id") ON DELETE CASCADE  ,
    "modified_on" TIMESTAMP,
    "modified_by" INTEGER REFERENCES "auth_user" ("id") ON DELETE CASCADE  
);
success!
timestamp: 2021-12-26T23:55:45.801005
CREATE TABLE "voter"(
    "id" INTEGER PRIMARY KEY AUTOINCREMENT,
    "voter_uuid" CHAR(512),
    "election_id" INTEGER REFERENCES "election" ("id") ON DELETE CASCADE  ,
    "email" CHAR(512),
    "voted" CHAR(1),
    "invited_on" TIMESTAMP
);
success!
timestamp: 2021-12-26T23:55:45.811931
CREATE TABLE "ballot"(
    "id" INTEGER PRIMARY KEY AUTOINCREMENT,
    "election_id" INTEGER REFERENCES "election" ("id") ON DELETE CASCADE  ,
    "ballot_content" TEXT,
    "assigned" CHAR(1),
    "voted" CHAR(1),
    "voted_on" TIMESTAMP,
    "results" TEXT,
    "ballot_uuid" CHAR(512),
    "signature" CHAR(512)
);
success!
